[Core] INFO: Trying to re-use existing login session...
[cli] INFO: Preparing download for "Legends of Runeterra" (b1c759a608764049a4cbea6e979f2eeb)...
[Core] INFO: Parsing game manifest...
[Core] INFO: Install path: /home/wonder/Games/Heroic/LegendsofRuneterra
[Core] INFO: Selected CDN: fastly-download.epicgames.com (https)
[DLM] INFO: Found 0 missing files.
[cli] INFO: Install size: 67.05 MiB
[cli] INFO: Download size: 62.73 MiB (Compression savings: 7.8%)
[cli] INFO: Reusable size: 0.00 MiB (chunks) / 0.00 MiB (unchanged / skipped)
[cli] INFO: Downloads are resumable, you can interrupt the download with CTRL-C and resume it using the same command later on.
[DLManager] INFO: Download Manager running with process-id: 2077
[DLManager] INFO: Starting download workers...
[DLManager] INFO: Starting file writing worker...
[DLManager] INFO: = Progress: 0.00% (0/76), Running for 00:00:00, ETA: 00:00:00
[DLManager] INFO:  - Downloaded: 0.00 MiB, Written: 0.00 MiB
[DLManager] INFO:  - Cache usage: 16.00 MiB, active tasks: 16
[DLManager] INFO:  + Download	- 0.00 MiB/s (raw) / 0.00 MiB/s (decompressed)
[DLManager] INFO:  + Disk	- 0.00 MiB/s (write) / 0.00 MiB/s (read)
[DLManager] INFO: = Progress: 19.74% (15/76), Running for 00:00:01, ETA: 00:00:04
[DLManager] INFO:  - Downloaded: 14.18 MiB, Written: 13.19 MiB
[DLManager] INFO:  - Cache usage: 22.00 MiB, active tasks: 16
[DLManager] INFO:  + Download	- 14.16 MiB/s (raw) / 18.97 MiB/s (decompressed)
[DLManager] INFO:  + Disk	- 13.17 MiB/s (write) / 0.00 MiB/s (read)
[DLManager] INFO: = Progress: 52.63% (40/76), Running for 00:00:02, ETA: 00:00:01
[DLManager] INFO:  - Downloaded: 43.18 MiB, Written: 36.19 MiB
[DLManager] INFO:  - Cache usage: 28.00 MiB, active tasks: 16
[DLManager] INFO:  + Download	- 28.96 MiB/s (raw) / 28.96 MiB/s (decompressed)
[DLManager] INFO:  + Disk	- 22.97 MiB/s (write) / 0.00 MiB/s (read)
[DLManager] INFO: = Progress: 96.05% (73/76), Running for 00:00:03, ETA: 00:00:00
[DLManager] INFO:  - Downloaded: 61.81 MiB, Written: 65.19 MiB
[DLManager] INFO:  - Cache usage: 3.00 MiB, active tasks: 1
[DLManager] INFO:  + Download	- 18.61 MiB/s (raw) / 18.97 MiB/s (decompressed)
[DLManager] INFO:  + Disk	- 28.95 MiB/s (write) / 0.00 MiB/s (read)
[DLManager] INFO: = Progress: 100.00% (76/76), Running for 00:00:04, ETA: 00:00:00
[DLManager] INFO:  - Downloaded: 62.73 MiB, Written: 67.05 MiB
[DLManager] INFO:  - Cache usage: 0.00 MiB, active tasks: 0
[DLManager] INFO:  + Download	- 0.91 MiB/s (raw) / 1.00 MiB/s (decompressed)
[DLManager] INFO:  + Disk	- 1.86 MiB/s (write) / 0.00 MiB/s (read)
[DLManager] INFO: Waiting for installation to finish...
[DLManager] INFO: All done! Download manager quitting...
[cli] INFO: Finished installation process in 5.05 seconds.
